6/8/2017 4:05:52 PM, Info: Initializing SIMPLSharp Services...
6/8/2017 4:05:52 PM, Info: ProjectInfo successfully initialized.
6/8/2017 4:05:53 PM, Info: Verifying archive C:\Users\Mike\DOCUME~1\Crestron\Projects\Systems\NANDOV~1\Output\Programs\CRESTR~1\SPlsWork\MediaSubsystem.clz...
6/8/2017 4:05:54 PM, Info: Saving project information...
6/8/2017 4:06:00 PM, Info: Verifying archive C:\Users\Mike\DOCUME~1\Crestron\Projects\Systems\NANDOV~1\Output\Programs\CRESTR~1\SPlsWork\Crestron.TV Presets v1.2.clz...
6/8/2017 4:06:01 PM, Info: Saving project information...
6/8/2017 4:06:07 PM, Info: Verifying archive C:\Users\Mike\DOCUME~1\Crestron\Projects\Systems\NANDOV~1\Output\Programs\CRESTR~1\SPlsWork\Crestron.TV Presets v1.2.clz...
6/8/2017 4:06:08 PM, Info: Saving project information...
6/8/2017 4:06:08 PM, Info: Verifying archive C:\Users\Mike\DOCUME~1\Crestron\Projects\Systems\NANDOV~1\Output\Programs\CRESTR~1\SPlsWork\AppHelperClasses.clz...
6/8/2017 4:06:09 PM, Info: Saving project information...
6/8/2017 4:06:15 PM, Info: Commiting verification transaction...
6/8/2017 4:06:15 PM, Info: Saving project information...
6/8/2017 4:27:12 PM, Info: Initializing SIMPLSharp Services...
6/8/2017 4:27:12 PM, Info: ProjectInfo successfully initialized.
6/8/2017 4:27:13 PM, Info: Verifying archive C:\Users\Mike\DOCUME~1\Crestron\Projects\Systems\NANDOV~1\Output\Programs\CRESTR~1\SPlsWork\MediaSubsystem.clz...
6/8/2017 4:27:14 PM, Info: Saving project information...
6/8/2017 4:27:19 PM, Info: Verifying archive C:\Users\Mike\DOCUME~1\Crestron\Projects\Systems\NANDOV~1\Output\Programs\CRESTR~1\SPlsWork\Crestron.TV Presets v1.2.clz...
6/8/2017 4:27:21 PM, Info: Saving project information...
6/8/2017 4:27:27 PM, Info: Verifying archive C:\Users\Mike\DOCUME~1\Crestron\Projects\Systems\NANDOV~1\Output\Programs\CRESTR~1\SPlsWork\Crestron.TV Presets v1.2.clz...
6/8/2017 4:27:29 PM, Info: Saving project information...
6/8/2017 4:27:29 PM, Info: Verifying archive C:\Users\Mike\DOCUME~1\Crestron\Projects\Systems\NANDOV~1\Output\Programs\CRESTR~1\SPlsWork\AppHelperClasses.clz...
6/8/2017 4:27:29 PM, Info: Saving project information...
6/8/2017 4:27:36 PM, Info: Commiting verification transaction...
6/8/2017 4:27:36 PM, Info: Saving project information...
6/8/2017 4:32:52 PM, Info: Initializing SIMPLSharp Services...
6/8/2017 4:32:52 PM, Info: ProjectInfo successfully initialized.
6/8/2017 4:32:53 PM, Info: Verifying archive C:\Users\Mike\DOCUME~1\Crestron\Projects\Systems\NANDOV~1\Output\Programs\CRESTR~1\SPlsWork\MediaSubsystem.clz...
6/8/2017 4:32:54 PM, Info: Saving project information...
6/8/2017 4:33:00 PM, Info: Verifying archive C:\Users\Mike\DOCUME~1\Crestron\Projects\Systems\NANDOV~1\Output\Programs\CRESTR~1\SPlsWork\Crestron.TV Presets v1.2.clz...
6/8/2017 4:33:01 PM, Info: Saving project information...
6/8/2017 4:33:07 PM, Info: Verifying archive C:\Users\Mike\DOCUME~1\Crestron\Projects\Systems\NANDOV~1\Output\Programs\CRESTR~1\SPlsWork\Crestron.TV Presets v1.2.clz...
6/8/2017 4:33:08 PM, Info: Saving project information...
6/8/2017 4:33:08 PM, Info: Verifying archive C:\Users\Mike\DOCUME~1\Crestron\Projects\Systems\NANDOV~1\Output\Programs\CRESTR~1\SPlsWork\AppHelperClasses.clz...
6/8/2017 4:33:08 PM, Info: Saving project information...
6/8/2017 4:33:14 PM, Info: Commiting verification transaction...
6/8/2017 4:33:14 PM, Info: Saving project information...
6/8/2017 4:36:48 PM, Info: Initializing SIMPLSharp Services...
6/8/2017 4:36:48 PM, Info: ProjectInfo successfully initialized.
6/8/2017 4:36:49 PM, Info: Verifying archive C:\Users\Mike\DOCUME~1\Crestron\Projects\Systems\NANDOV~1\Output\Programs\CRESTR~1\SPlsWork\MediaSubsystem.clz...
6/8/2017 4:36:50 PM, Info: Saving project information...
6/8/2017 4:36:56 PM, Info: Verifying archive C:\Users\Mike\DOCUME~1\Crestron\Projects\Systems\NANDOV~1\Output\Programs\CRESTR~1\SPlsWork\Crestron.TV Presets v1.2.clz...
6/8/2017 4:36:57 PM, Info: Saving project information...
6/8/2017 4:37:03 PM, Info: Verifying archive C:\Users\Mike\DOCUME~1\Crestron\Projects\Systems\NANDOV~1\Output\Programs\CRESTR~1\SPlsWork\Crestron.TV Presets v1.2.clz...
6/8/2017 4:37:05 PM, Info: Saving project information...
6/8/2017 4:37:05 PM, Info: Verifying archive C:\Users\Mike\DOCUME~1\Crestron\Projects\Systems\NANDOV~1\Output\Programs\CRESTR~1\SPlsWork\AppHelperClasses.clz...
6/8/2017 4:37:05 PM, Info: Saving project information...
6/8/2017 4:37:11 PM, Info: Commiting verification transaction...
6/8/2017 4:37:11 PM, Info: Saving project information...
6/8/2017 4:38:13 PM, Info: Initializing SIMPLSharp Services...
6/8/2017 4:38:13 PM, Info: ProjectInfo successfully initialized.
6/8/2017 4:38:14 PM, Info: Verifying archive C:\Users\Mike\DOCUME~1\Crestron\Projects\Systems\NANDOV~1\Output\Programs\CRESTR~1\SPlsWork\MediaSubsystem.clz...
6/8/2017 4:38:15 PM, Info: Saving project information...
6/8/2017 4:38:21 PM, Info: Verifying archive C:\Users\Mike\DOCUME~1\Crestron\Projects\Systems\NANDOV~1\Output\Programs\CRESTR~1\SPlsWork\Crestron.TV Presets v1.2.clz...
6/8/2017 4:38:22 PM, Info: Saving project information...
6/8/2017 4:38:28 PM, Info: Verifying archive C:\Users\Mike\DOCUME~1\Crestron\Projects\Systems\NANDOV~1\Output\Programs\CRESTR~1\SPlsWork\Crestron.TV Presets v1.2.clz...
6/8/2017 4:38:30 PM, Info: Saving project information...
6/8/2017 4:38:30 PM, Info: Verifying archive C:\Users\Mike\DOCUME~1\Crestron\Projects\Systems\NANDOV~1\Output\Programs\CRESTR~1\SPlsWork\AppHelperClasses.clz...
6/8/2017 4:38:30 PM, Info: Saving project information...
6/8/2017 4:38:36 PM, Info: Commiting verification transaction...
6/8/2017 4:38:36 PM, Info: Saving project information...
6/8/2017 4:42:56 PM, Info: Initializing SIMPLSharp Services...
6/8/2017 4:42:56 PM, Info: ProjectInfo successfully initialized.
6/8/2017 4:42:57 PM, Info: Verifying archive C:\Users\Mike\DOCUME~1\Crestron\Projects\Systems\NANDOV~1\Output\Programs\CRESTR~1\SPlsWork\MediaSubsystem.clz...
6/8/2017 4:42:58 PM, Info: Saving project information...
6/8/2017 4:43:03 PM, Info: Verifying archive C:\Users\Mike\DOCUME~1\Crestron\Projects\Systems\NANDOV~1\Output\Programs\CRESTR~1\SPlsWork\Crestron.TV Presets v1.2.clz...
6/8/2017 4:43:04 PM, Info: Saving project information...
6/8/2017 4:43:10 PM, Info: Verifying archive C:\Users\Mike\DOCUME~1\Crestron\Projects\Systems\NANDOV~1\Output\Programs\CRESTR~1\SPlsWork\Crestron.TV Presets v1.2.clz...
6/8/2017 4:43:12 PM, Info: Saving project information...
6/8/2017 4:43:12 PM, Info: Verifying archive C:\Users\Mike\DOCUME~1\Crestron\Projects\Systems\NANDOV~1\Output\Programs\CRESTR~1\SPlsWork\AppHelperClasses.clz...
6/8/2017 4:43:12 PM, Info: Saving project information...
6/8/2017 4:43:18 PM, Info: Commiting verification transaction...
6/8/2017 4:43:18 PM, Info: Saving project information...
6/8/2017 4:45:29 PM, Info: Initializing SIMPLSharp Services...
6/8/2017 4:45:29 PM, Info: ProjectInfo successfully initialized.
6/8/2017 4:45:30 PM, Info: Verifying archive C:\Users\Mike\DOCUME~1\Crestron\Projects\Systems\NANDOV~1\Output\Programs\CRESTR~1\SPlsWork\MediaSubsystem.clz...
6/8/2017 4:45:31 PM, Info: Saving project information...
6/8/2017 4:45:37 PM, Info: Verifying archive C:\Users\Mike\DOCUME~1\Crestron\Projects\Systems\NANDOV~1\Output\Programs\CRESTR~1\SPlsWork\Crestron.TV Presets v1.2.clz...
6/8/2017 4:45:38 PM, Info: Saving project information...
6/8/2017 4:45:44 PM, Info: Verifying archive C:\Users\Mike\DOCUME~1\Crestron\Projects\Systems\NANDOV~1\Output\Programs\CRESTR~1\SPlsWork\Crestron.TV Presets v1.2.clz...
6/8/2017 4:45:45 PM, Info: Saving project information...
6/8/2017 4:45:45 PM, Info: Verifying archive C:\Users\Mike\DOCUME~1\Crestron\Projects\Systems\NANDOV~1\Output\Programs\CRESTR~1\SPlsWork\AppHelperClasses.clz...
6/8/2017 4:45:45 PM, Info: Saving project information...
6/8/2017 4:45:51 PM, Info: Commiting verification transaction...
6/8/2017 4:45:51 PM, Info: Saving project information...
6/8/2017 4:52:58 PM, Info: Initializing SIMPLSharp Services...
6/8/2017 4:52:58 PM, Info: ProjectInfo successfully initialized.
6/8/2017 4:52:59 PM, Info: Verifying archive C:\Users\Mike\DOCUME~1\Crestron\Projects\Systems\NANDOV~1\Output\Programs\CRESTR~1\SPlsWork\MediaSubsystem.clz...
6/8/2017 4:53:00 PM, Info: Saving project information...
6/8/2017 4:53:06 PM, Info: Verifying archive C:\Users\Mike\DOCUME~1\Crestron\Projects\Systems\NANDOV~1\Output\Programs\CRESTR~1\SPlsWork\Crestron.TV Presets v1.2.clz...
6/8/2017 4:53:07 PM, Info: Saving project information...
6/8/2017 4:53:13 PM, Info: Verifying archive C:\Users\Mike\DOCUME~1\Crestron\Projects\Systems\NANDOV~1\Output\Programs\CRESTR~1\SPlsWork\Crestron.TV Presets v1.2.clz...
6/8/2017 4:53:14 PM, Info: Saving project information...
6/8/2017 4:53:14 PM, Info: Verifying archive C:\Users\Mike\DOCUME~1\Crestron\Projects\Systems\NANDOV~1\Output\Programs\CRESTR~1\SPlsWork\AppHelperClasses.clz...
6/8/2017 4:53:15 PM, Info: Saving project information...
6/8/2017 4:53:20 PM, Info: Commiting verification transaction...
6/8/2017 4:53:20 PM, Info: Saving project information...
6/8/2017 5:13:39 PM, Info: Initializing SIMPLSharp Services...
6/8/2017 5:13:39 PM, Info: ProjectInfo successfully initialized.
6/8/2017 5:13:40 PM, Info: Verifying archive C:\Users\Mike\DOCUME~1\Crestron\Projects\Systems\NANDOV~1\Output\Programs\CRESTR~1\SPlsWork\MediaSubsystem.clz...
6/8/2017 5:13:42 PM, Info: Saving project information...
6/8/2017 5:13:47 PM, Info: Verifying archive C:\Users\Mike\DOCUME~1\Crestron\Projects\Systems\NANDOV~1\Output\Programs\CRESTR~1\SPlsWork\Crestron.TV Presets v1.2.clz...
6/8/2017 5:13:49 PM, Info: Saving project information...
6/8/2017 5:13:55 PM, Info: Verifying archive C:\Users\Mike\DOCUME~1\Crestron\Projects\Systems\NANDOV~1\Output\Programs\CRESTR~1\SPlsWork\Crestron.TV Presets v1.2.clz...
6/8/2017 5:13:56 PM, Info: Saving project information...
6/8/2017 5:13:56 PM, Info: Verifying archive C:\Users\Mike\DOCUME~1\Crestron\Projects\Systems\NANDOV~1\Output\Programs\CRESTR~1\SPlsWork\AppHelperClasses.clz...
6/8/2017 5:13:56 PM, Info: Saving project information...
6/8/2017 5:14:02 PM, Info: Commiting verification transaction...
6/8/2017 5:14:02 PM, Info: Saving project information...
6/8/2017 5:30:56 PM, Info: Initializing SIMPLSharp Services...
6/8/2017 5:30:56 PM, Info: ProjectInfo successfully initialized.
6/8/2017 5:30:57 PM, Info: Verifying archive C:\Users\Mike\DOCUME~1\Crestron\Projects\Systems\NANDOV~1\Output\Programs\CRESTR~1\SPlsWork\MediaSubsystem.clz...
6/8/2017 5:30:59 PM, Info: Saving project information...
6/8/2017 5:31:04 PM, Info: Verifying archive C:\Users\Mike\DOCUME~1\Crestron\Projects\Systems\NANDOV~1\Output\Programs\CRESTR~1\SPlsWork\Crestron.TV Presets v1.2.clz...
6/8/2017 5:31:06 PM, Info: Saving project information...
6/8/2017 5:31:12 PM, Info: Verifying archive C:\Users\Mike\DOCUME~1\Crestron\Projects\Systems\NANDOV~1\Output\Programs\CRESTR~1\SPlsWork\Crestron.TV Presets v1.2.clz...
6/8/2017 5:31:13 PM, Info: Saving project information...
6/8/2017 5:31:13 PM, Info: Verifying archive C:\Users\Mike\DOCUME~1\Crestron\Projects\Systems\NANDOV~1\Output\Programs\CRESTR~1\SPlsWork\AppHelperClasses.clz...
6/8/2017 5:31:14 PM, Info: Saving project information...
6/8/2017 5:31:20 PM, Info: Commiting verification transaction...
6/8/2017 5:31:20 PM, Info: Saving project information...
6/8/2017 5:33:12 PM, Info: Initializing SIMPLSharp Services...
6/8/2017 5:33:12 PM, Info: ProjectInfo successfully initialized.
6/8/2017 5:33:13 PM, Info: Verifying archive C:\Users\Mike\DOCUME~1\Crestron\Projects\Systems\NANDOV~1\Output\Programs\CRESTR~1\SPlsWork\MediaSubsystem.clz...
6/8/2017 5:33:14 PM, Info: Saving project information...
6/8/2017 5:33:20 PM, Info: Verifying archive C:\Users\Mike\DOCUME~1\Crestron\Projects\Systems\NANDOV~1\Output\Programs\CRESTR~1\SPlsWork\Crestron.TV Presets v1.2.clz...
6/8/2017 5:33:21 PM, Info: Saving project information...
6/8/2017 5:33:27 PM, Info: Verifying archive C:\Users\Mike\DOCUME~1\Crestron\Projects\Systems\NANDOV~1\Output\Programs\CRESTR~1\SPlsWork\Crestron.TV Presets v1.2.clz...
6/8/2017 5:33:28 PM, Info: Saving project information...
6/8/2017 5:33:28 PM, Info: Verifying archive C:\Users\Mike\DOCUME~1\Crestron\Projects\Systems\NANDOV~1\Output\Programs\CRESTR~1\SPlsWork\AppHelperClasses.clz...
6/8/2017 5:33:28 PM, Info: Saving project information...
6/8/2017 5:33:34 PM, Info: Commiting verification transaction...
6/8/2017 5:33:34 PM, Info: Saving project information...
6/8/2017 5:40:55 PM, Info: Initializing SIMPLSharp Services...
6/8/2017 5:40:55 PM, Info: ProjectInfo successfully initialized.
6/8/2017 5:40:56 PM, Info: Verifying archive C:\Users\Mike\DOCUME~1\Crestron\Projects\Systems\NANDOV~1\Output\Programs\CRESTR~1\SPlsWork\MediaSubsystem.clz...
6/8/2017 5:40:58 PM, Info: Saving project information...
6/8/2017 5:41:03 PM, Info: Verifying archive C:\Users\Mike\DOCUME~1\Crestron\Projects\Systems\NANDOV~1\Output\Programs\CRESTR~1\SPlsWork\Crestron.TV Presets v1.2.clz...
6/8/2017 5:41:04 PM, Info: Saving project information...
6/8/2017 5:41:10 PM, Info: Verifying archive C:\Users\Mike\DOCUME~1\Crestron\Projects\Systems\NANDOV~1\Output\Programs\CRESTR~1\SPlsWork\Crestron.TV Presets v1.2.clz...
6/8/2017 5:41:11 PM, Info: Saving project information...
6/8/2017 5:41:11 PM, Info: Verifying archive C:\Users\Mike\DOCUME~1\Crestron\Projects\Systems\NANDOV~1\Output\Programs\CRESTR~1\SPlsWork\AppHelperClasses.clz...
6/8/2017 5:41:11 PM, Info: Saving project information...
6/8/2017 5:41:17 PM, Info: Commiting verification transaction...
6/8/2017 5:41:17 PM, Info: Saving project information...
6/8/2017 5:43:59 PM, Info: Initializing SIMPLSharp Services...
6/8/2017 5:43:59 PM, Info: ProjectInfo successfully initialized.
6/8/2017 5:44:00 PM, Info: Verifying archive C:\Users\Mike\DOCUME~1\Crestron\Projects\Systems\NANDOV~1\Output\Programs\CRESTR~1\SPlsWork\MediaSubsystem.clz...
6/8/2017 5:44:01 PM, Info: Saving project information...
6/8/2017 5:44:07 PM, Info: Verifying archive C:\Users\Mike\DOCUME~1\Crestron\Projects\Systems\NANDOV~1\Output\Programs\CRESTR~1\SPlsWork\Crestron.TV Presets v1.2.clz...
6/8/2017 5:44:08 PM, Info: Saving project information...
6/8/2017 5:44:14 PM, Info: Verifying archive C:\Users\Mike\DOCUME~1\Crestron\Projects\Systems\NANDOV~1\Output\Programs\CRESTR~1\SPlsWork\Crestron.TV Presets v1.2.clz...
6/8/2017 5:44:15 PM, Info: Saving project information...
6/8/2017 5:44:15 PM, Info: Verifying archive C:\Users\Mike\DOCUME~1\Crestron\Projects\Systems\NANDOV~1\Output\Programs\CRESTR~1\SPlsWork\AppHelperClasses.clz...
6/8/2017 5:44:15 PM, Info: Saving project information...
6/8/2017 5:44:21 PM, Info: Commiting verification transaction...
6/8/2017 5:44:21 PM, Info: Saving project information...
6/8/2017 6:03:47 PM, Info: Initializing SIMPLSharp Services...
6/8/2017 6:03:47 PM, Info: ProjectInfo successfully initialized.
6/8/2017 6:03:48 PM, Info: Verifying archive C:\Users\Mike\DOCUME~1\Crestron\Projects\Systems\NANDOV~1\Output\Programs\CRESTR~1\SPlsWork\MediaSubsystem.clz...
6/8/2017 6:03:49 PM, Info: Saving project information...
6/8/2017 6:03:55 PM, Info: Verifying archive C:\Users\Mike\DOCUME~1\Crestron\Projects\Systems\NANDOV~1\Output\Programs\CRESTR~1\SPlsWork\Crestron.TV Presets v1.2.clz...
6/8/2017 6:03:57 PM, Info: Saving project information...
6/8/2017 6:04:04 PM, Info: Verifying archive C:\Users\Mike\DOCUME~1\Crestron\Projects\Systems\NANDOV~1\Output\Programs\CRESTR~1\SPlsWork\Crestron.TV Presets v1.2.clz...
6/8/2017 6:04:06 PM, Info: Saving project information...
6/8/2017 6:04:06 PM, Info: Verifying archive C:\Users\Mike\DOCUME~1\Crestron\Projects\Systems\NANDOV~1\Output\Programs\CRESTR~1\SPlsWork\AppHelperClasses.clz...
6/8/2017 6:04:06 PM, Info: Saving project information...
6/8/2017 6:04:12 PM, Info: Commiting verification transaction...
6/8/2017 6:04:12 PM, Info: Saving project information...
6/8/2017 6:08:57 PM, Info: Initializing SIMPLSharp Services...
6/8/2017 6:08:57 PM, Info: ProjectInfo successfully initialized.
6/8/2017 6:08:58 PM, Info: Verifying archive C:\Users\Mike\DOCUME~1\Crestron\Projects\Systems\NANDOV~1\Output\Programs\CRESTR~1\SPlsWork\MediaSubsystem.clz...
6/8/2017 6:08:59 PM, Info: Saving project information...
